<?xml version="1.0" encoding="UTF-8"?>
<testng-results ignored="0" total="1" passed="1" failed="0" skipped="0">
  <reporter-output>
  </reporter-output>
  <suite started-at="2023-01-20T12:44:21 CST" name="Default suite" finished-at="2023-01-20T12:44:21 CST" duration-ms="114">
    <groups>
    </groups>
    <test started-at="2023-01-20T12:44:21 CST" name="Default test" finished-at="2023-01-20T12:44:21 CST" duration-ms="114">
      <class name="orangehrmproject.NewTest">
        <test-method signature="f()[pri:0, instance:orangehrmproject.NewTest@2892d68]" started-at="2023-01-20T12:44:21 CST" name="f" finished-at="2023-01-20T12:44:21 CST" duration-ms="20" status="PASS">
          <reporter-output>
          </reporter-output>
        </test-method> <!-- f -->
      </class> <!-- orangehrmproject.NewTest -->
    </test> <!-- Default test -->
  </suite> <!-- Default suite -->
</testng-results>
